Info: Start Nativelink Simulation process
Info: NativeLink has detected VHDL design -- VHDL simulation models will be used

========= EDA Simulation Settings =====================

Sim Mode              :  RTL
Family                :  cyclone10lp
Quartus root          :  c:/programme2/intelfpga_lite/23.1std/quartus/bin64/
Quartus sim root      :  c:/programme2/intelfpga_lite/23.1std/quartus/eda/sim_lib
Simulation Tool       :  questa intel fpga
Simulation Language   :  vhdl
Version               :  93
Simulation Mode       :  GUI
Sim Output File       :  
Sim SDF file          :  
Sim dir               :  simulation\questa

=======================================================

Info: Starting NativeLink simulation with Questa Intel FPGA software
Sourced NativeLink script c:/programme2/intelfpga_lite/23.1std/quartus/common/tcl/internal/nativelink/modelsim.tcl
Warning: File pci_sim_run_msim_rtl_vhdl.do already exists - backing up current file as pci_sim_run_msim_rtl_vhdl.do.bak11
Info: Spawning Questa Intel FPGA Simulation software 
Info: NativeLink simulation flow was successful
